<?xml version="1.0" encoding="UTF-8"?>
<!-- Generated by org.testng.reporters.JUnitReportReporter -->
<testsuite skipped="0" hostname="ip-172-31-85-137" name="test.LoginTest" tests="2" failures="0" timestamp="2021-11-19T08:13:58 UTC" time="2.762" errors="0">
  <testcase name="Positivelogin" time="1.281" classname="test.LoginTest"/>
  <system-out/>
  <testcase name="Negativelogin" time="1.481" classname="test.LoginTest"/>
  <system-out/>
</testsuite> <!-- test.LoginTest -->
